#---------------------- celeba 128--------------------

# <<整个模型的参数规模>>和生成效果的关系 :
python train_celeba128.py --z_dim=200 --experiment_name=spectral_norm_celeba128_inputDim200 # ! 在z_dim维度扩大后，在没有decay的情况下消除了暗脸！, 注意:这个同时也扩大了整个网络的维度
python train_celeba128.py --z_dim=128 --experiment_name=spectral_norm_celeba128_lr_scheduler #gan原版，效果逼真, dim = 128//8 * 128 =2048 (scale=16)
python train_celeba128.py --z_dim=128 --experiment_name=spectral_norm_celeba128_inputDim128 # ！细节表征已接近充分，但是会出现暗脸
python train_celeba128.py --z_dim=64 --experiment_name=spectral_norm_celeba128_inputDim64 # 效果大致提升
python train_celeba128.py --z_dim=32 --experiment_name=spectral_norm_celeba128_inputDim32 # ?
python train_celeba128.py --z_dim=16 --experiment_name=spectral_norm_celeba128_inputDim16 
python train_celeba128.py --z_dim=12 --experiment_name=spectral_norm_celeba128_inputDim12 #效果随着inputDim的提高而提高
python train_celeba128.py --z_dim=10 --experiment_name=spectral_norm_celeba128_inputDim10 #可以生成，效果一般
python train_celeba128.py --z_dim=8 --experiment_name=spectral_norm_celeba128_inputDim8 #可以生成，但是已经无法充分表征特征细节了，效果变差。
python train_celeba128.py --z_dim=6 --experiment_name=spectral_norm_celeba128_inputDim6  # ！ 比dim4更快进入全黑，第100次迭代后就进入群黑，且不会出现人脸雏形
python train_celeba128.py --z_dim=4 --experiment_name=spectral_norm_celeba128_inputDim4  #比dim1更快进入全黑，前200次迭代(batch_size=32)时就全黑,(进去全黑前会出现人脸雏形)
python train_celeba128.py --z_dim=1 --experiment_name=spectral_norm_celeba128_inputDim1 #图片在初期ep0-3时有少许单调图像，之后逐渐变为全黑, 维度表征不够?

# 梯度衰减，即随着训练的增加，梯度随着"训练次数"的增加而衰减
python train_celeba128.py --experiment_name=spectral_norm_celeba128  #只有D有Decay, 没有指数衰减，图片结果部分比较暗淡 (scale=16) 
python train_celeba128.py --z_dim=128 --experiment_name=spectral_norm_celeba128_inputDim128_D_Decay #貌似梯度递减在非对称的情况下不太行。效果很差，类似模式崩溃

# input_dim和效果的关系
python train_celeba128.py --z_dim=8 --scale=128 --experiment_name=spectral_norm_celeba128_inputDim8_scale128 
# 这个和上面实验中inputDim64(scale16)的网络规模一样的，区别只是input_dim不同, 结果是: 初期很暗淡，后期背景和头像都比较单一

python train_celeba128.py --z_dim=16 --scale=64 --experiment_name=spectral_norm_celeba128_inputDim16_scale64

python train_celeba128.py --z_dim=32 --scale=32 --experiment_name=spectral_norm_celeba128_inputDim16_scale64



#---------------------- celeba 256 --------------------
python train_celeba256.py --z_dim=64 --experiment_name=spectral_norm_celeba256_inputDim64

#-----------------------mnist 64 ---------------------
python train_mnist.py --gradient_penalty_mode=0-gp --gradient_penalty_sample_mode=line --experiment_name=hingv2_mnist_spectral_norm_lr_scheduler_gp_line
python train_mnist.py --experiment_name=gan_mnist
python train_mnist.py --experiment_name=gan_mnist_SpectrualNorm


python train_mnist.py --adversarial_loss_mode=hinge_v2 --experiment_name=hinge_v2_mnist
python train_mnist.py --adversarial_loss_mode=hinge_v2 --experiment_name=hinge_v2_mnist_SpectrualNorm
